2025-07-26 12:35:56,329 - INFO - Succesfully read the YAML file
2025-07-26 12:37:20,551 - INFO - Succesfully read the YAML file
2025-07-26 12:37:20,551 - INFO - Data Ingestion started with mybucket19 and file is Hotel_Reservations.csv
2025-07-26 12:37:20,551 - INFO - Starting data ingestion process
2025-07-26 12:37:23,401 - ERROR - Error while downloading the csv file
2025-07-26 12:37:23,401 - INFO - Data ingestion completed
2025-07-26 12:38:25,977 - INFO - Succesfully read the YAML file
2025-07-26 12:38:25,977 - INFO - Data Ingestion started with mybucket19 and file is Hotel_Reservations.csv
2025-07-26 12:38:25,977 - INFO - Starting data ingestion process
2025-07-26 12:38:28,892 - ERROR - Error while downloading the csv file
2025-07-26 12:38:28,892 - INFO - Data ingestion completed
2025-07-26 12:40:04,247 - INFO - Succesfully read the YAML file
2025-07-26 12:40:04,247 - INFO - Data Ingestion started with mybucket19 and file is Hotel_Reservations.csv
2025-07-26 12:40:04,247 - INFO - Starting data ingestion process
2025-07-26 12:40:07,181 - ERROR - Error while downloading the csv file
2025-07-26 12:40:07,181 - ERROR - CustomException : Error in D:\MLOps Project-1\src\data_ingestion.py , line 27 , Failed to downlaod csv file 
2025-07-26 12:40:07,181 - INFO - Data ingestion completed
2025-07-26 12:44:39,387 - INFO - Succesfully read the YAML file
2025-07-26 12:44:39,388 - INFO - Data Ingestion started with mybucket19 and file is Hotel_Reservations.csv
2025-07-26 12:44:39,388 - INFO - Starting data ingestion process
2025-07-26 12:44:42,515 - ERROR - Error while downloading the csv file
2025-07-26 12:44:42,515 - ERROR - CustomException : Error in D:\MLOps Project-1\src\data_ingestion.py , line 27 , Failed to downlaod csv file 
2025-07-26 12:44:42,515 - INFO - Data ingestion completed
2025-07-26 12:45:49,682 - INFO - Succesfully read the YAML file
2025-07-26 12:45:49,682 - INFO - Data Ingestion started with mybucket19 and file is Hotel_Reservations.csv
2025-07-26 12:45:49,683 - INFO - Starting data ingestion process
2025-07-26 12:45:52,760 - ERROR - Error while downloading the csv file
2025-07-26 12:45:52,760 - ERROR - CustomException : Error in D:\MLOps Project-1\src\data_ingestion.py , line 27 , Failed to downlaod csv file 
2025-07-26 12:45:52,760 - INFO - Data ingestion completed
2025-07-26 12:53:30,233 - INFO - Succesfully read the YAML file
2025-07-26 12:53:30,233 - INFO - Data Ingestion started with mybucket19 and file is Hotel_Reservations.csv
2025-07-26 12:53:30,233 - INFO - Starting data ingestion process
2025-07-26 12:53:33,236 - ERROR - Error while downloading the csv file
2025-07-26 12:53:33,236 - ERROR - CustomException : Error in D:\MLOps Project-1\src\data_ingestion.py , line 27 , Failed to downlaod csv file 
2025-07-26 12:53:33,236 - INFO - Data ingestion completed
2025-07-26 12:54:25,293 - INFO - Succesfully read the YAML file
2025-07-26 12:54:25,293 - INFO - Data Ingestion started with my_bucket19 and file is Hotel_Reservations.csv
2025-07-26 12:54:25,293 - INFO - Starting data ingestion process
2025-07-26 12:54:28,167 - ERROR - Error while downloading the csv file
2025-07-26 12:54:28,167 - ERROR - CustomException : Error in D:\MLOps Project-1\src\data_ingestion.py , line 27 , Failed to downlaod csv file 
2025-07-26 12:54:28,167 - INFO - Data ingestion completed
2025-07-26 12:55:23,985 - INFO - Succesfully read the YAML file
2025-07-26 12:55:23,985 - INFO - Data Ingestion started with my_bucket19 and file is Hotel_Reservations.csv
2025-07-26 12:55:23,985 - INFO - Starting data ingestion process
2025-07-26 12:55:26,815 - ERROR - Error while downloading the csv file
2025-07-26 12:55:26,815 - ERROR - CustomException : Error in D:\MLOps Project-1\src\data_ingestion.py , line 27 , Failed to downlaod csv file 
2025-07-26 12:55:26,815 - INFO - Data ingestion completed
2025-07-26 12:56:54,242 - INFO - Succesfully read the YAML file
2025-07-26 12:56:54,242 - INFO - Data Ingestion started with my_bucket19 and file is Hotel_Reservations.csv
2025-07-26 12:56:54,242 - INFO - Starting data ingestion process
2025-07-26 12:56:54,242 - INFO - Attempting to download Hotel_Reservations.csv from bucket my_bucket19
2025-07-26 12:56:54,242 - INFO - Using service account for authentication
2025-07-26 12:56:57,638 - INFO - CSV file is successfully downloaded to artifacts/raw\raw.csv
2025-07-26 12:56:57,638 - INFO - Starting the splitting process
2025-07-26 12:56:57,700 - INFO - Loaded data with shape: (36275, 19)
2025-07-26 12:56:57,868 - INFO - Train data saved to artifacts/raw\train.csv with shape: (29020, 19)
2025-07-26 12:56:57,868 - INFO - Test data saved to artifacts/raw\test.csv with shape: (7255, 19)
2025-07-26 12:56:57,868 - INFO - Data ingestion completed successfully
2025-07-26 12:56:57,868 - INFO - Data ingestion process finished
